[2025-06-28T16:19:00.297Z] {"ip":"::1","userAgent":"PostmanRuntime/7.44.1","method":"POST","url":"/login","status":200,"responseTime":"2226ms","user":"anonymous","timestamp":"2025-06-28T16:19:00.297Z"}
[2025-06-28T16:19:07.241Z] {"ip":"::1","userAgent":"PostmanRuntime/7.44.1","method":"GET","url":"/animes","status":200,"responseTime":"757ms","user":"noob1","timestamp":"2025-06-28T16:19:07.241Z"}
[2025-06-28T16:19:28.541Z] {"ip":"::1","userAgent":"PostmanRuntime/7.44.1","method":"POST","url":"/animes","status":201,"responseTime":"913ms","user":"noob1","timestamp":"2025-06-28T16:19:28.541Z"}
[2025-06-28T16:19:39.688Z] {"ip":"::1","userAgent":"PostmanRuntime/7.44.1","method":"GET","url":"/animes","status":200,"responseTime":"757ms","user":"noob1","timestamp":"2025-06-28T16:19:39.688Z"}
[2025-06-28T16:45:06.438Z] {"ip":"::1","userAgent":"PostmanRuntime/7.44.1","method":"GET","url":"/animes","status":200,"responseTime":"1958ms","user":"noob1","timestamp":"2025-06-28T16:45:06.438Z"}
[2025-06-28T16:45:15.564Z] {"ip":"::1","userAgent":"PostmanRuntime/7.44.1","method":"POST","url":"/animes","status":201,"responseTime":"1532ms","user":"noob1","timestamp":"2025-06-28T16:45:15.564Z"}
[2025-06-28T16:45:30.225Z] {"ip":"::1","userAgent":"PostmanRuntime/7.44.1","method":"GET","url":"/animes","status":200,"responseTime":"919ms","user":"noob1","timestamp":"2025-06-28T16:45:30.225Z"}
[2025-06-28T16:47:36.217Z] {"ip":"::1","userAgent":"PostmanRuntime/7.44.1","method":"POST","url":"/register","status":201,"responseTime":"1989ms","user":"anonymous","timestamp":"2025-06-28T16:47:36.217Z"}
[2025-06-28T16:47:42.717Z] {"ip":"::1","userAgent":"PostmanRuntime/7.44.1","method":"POST","url":"/login","status":200,"responseTime":"1051ms","user":"anonymous","timestamp":"2025-06-28T16:47:42.717Z"}
[2025-06-28T16:47:53.975Z] {"ip":"::1","userAgent":"PostmanRuntime/7.44.1","method":"GET","url":"/animes","status":200,"responseTime":"923ms","user":"novouser123","timestamp":"2025-06-28T16:47:53.975Z"}
[2025-06-28T16:48:12.814Z] {"ip":"::1","userAgent":"PostmanRuntime/7.44.1","method":"POST","url":"/animes","status":201,"responseTime":"1709ms","user":"novouser123","timestamp":"2025-06-28T16:48:12.814Z"}
[2025-06-28T16:48:16.989Z] {"ip":"::1","userAgent":"PostmanRuntime/7.44.1","method":"GET","url":"/animes","status":200,"responseTime":"773ms","user":"novouser123","timestamp":"2025-06-28T16:48:16.989Z"}
[2025-06-28T16:56:21.055Z] {"ip":"::1","userAgent":"PostmanRuntime/7.44.1","method":"GET","url":"/animes","status":200,"responseTime":"1997ms","user":"novouser123","timestamp":"2025-06-28T16:56:21.055Z"}
[2025-06-28T16:58:32.657Z] {"ip":"::1","userAgent":"PostmanRuntime/7.44.1","method":"POST","url":"/register","status":201,"responseTime":"2952ms","user":"anonymous","timestamp":"2025-06-28T16:58:32.657Z"}
[2025-06-28T16:58:36.133Z] {"ip":"::1","userAgent":"PostmanRuntime/7.44.1","method":"POST","url":"/login","status":200,"responseTime":"1053ms","user":"anonymous","timestamp":"2025-06-28T16:58:36.133Z"}
[2025-06-28T16:58:46.487Z] {"ip":"::1","userAgent":"PostmanRuntime/7.44.1","method":"GET","url":"/animes","status":200,"responseTime":"756ms","user":"novouser123","timestamp":"2025-06-28T16:58:46.487Z"}
[2025-06-28T16:59:00.032Z] {"ip":"::1","userAgent":"PostmanRuntime/7.44.1","method":"POST","url":"/animes","status":201,"responseTime":"1675ms","user":"novouser123","timestamp":"2025-06-28T16:59:00.032Z"}
[2025-06-28T16:59:03.605Z] {"ip":"::1","userAgent":"PostmanRuntime/7.44.1","method":"GET","url":"/animes","status":200,"responseTime":"771ms","user":"novouser123","timestamp":"2025-06-28T16:59:03.605Z"}
[2025-06-28T17:09:23.143Z] {"ip":"::1","userAgent":"PostmanRuntime/7.44.1","method":"GET","url":"/animes","status":200,"responseTime":"773ms","user":"novouser123","timestamp":"2025-06-28T17:09:23.143Z"}
[2025-06-28T17:09:33.846Z] {"ip":"::1","userAgent":"PostmanRuntime/7.44.1","method":"POST","url":"/register","status":201,"responseTime":"1997ms","user":"anonymous","timestamp":"2025-06-28T17:09:33.846Z"}
[2025-06-28T17:09:37.349Z] {"ip":"::1","userAgent":"PostmanRuntime/7.44.1","method":"POST","url":"/login","status":200,"responseTime":"1042ms","user":"anonymous","timestamp":"2025-06-28T17:09:37.349Z"}
[2025-06-28T17:09:59.836Z] {"ip":"::1","userAgent":"PostmanRuntime/7.44.1","method":"GET","url":"/animes","status":200,"responseTime":"1ms","user":"novouser123","timestamp":"2025-06-28T17:09:59.836Z"}
[2025-06-28T17:10:08.303Z] {"ip":"::1","userAgent":"PostmanRuntime/7.44.1","method":"POST","url":"/animes","status":201,"responseTime":"1672ms","user":"novouser123","timestamp":"2025-06-28T17:10:08.303Z"}
[2025-06-28T17:10:28.416Z] {"ip":"::1","userAgent":"PostmanRuntime/7.44.1","method":"POST","url":"/animes/1/feedbacks","status":201,"responseTime":"1675ms","user":"novouser123","timestamp":"2025-06-28T17:10:28.416Z"}
[2025-06-28T17:15:39.934Z] {"ip":"::1","userAgent":"PostmanRuntime/7.44.1","method":"POST","url":"/animes/1/feedbacks","status":201,"responseTime":"1583ms","user":"novouser123","timestamp":"2025-06-28T17:15:39.934Z"}
[2025-06-28T17:25:44.757Z] {"ip":"::1","userAgent":"PostmanRuntime/7.44.1","method":"PUT","url":"/feedbacks/1","status":200,"responseTime":"3084ms","user":"novouser123","timestamp":"2025-06-28T17:25:44.757Z"}
[2025-06-28T19:03:44.340Z] {"ip":"::1","userAgent":"PostmanRuntime/7.44.1","method":"POST","url":"/login","status":200,"responseTime":"1104ms","user":"anonymous","timestamp":"2025-06-28T19:03:44.340Z"}
[2025-06-28T19:04:00.311Z] {"ip":"::1","userAgent":"PostmanRuntime/7.44.1","method":"GET","url":"/animes","status":200,"responseTime":"1259ms","user":"novouser123","timestamp":"2025-06-28T19:04:00.311Z"}
[2025-06-28T19:04:27.764Z] {"ip":"::1","userAgent":"PostmanRuntime/7.44.1","method":"POST","url":"/animes","status":201,"responseTime":"1710ms","user":"novouser123","timestamp":"2025-06-28T19:04:27.764Z"}
[2025-06-28T19:04:39.976Z] {"ip":"::1","userAgent":"PostmanRuntime/7.44.1","method":"GET","url":"/animes","status":200,"responseTime":"1073ms","user":"novouser123","timestamp":"2025-06-28T19:04:39.976Z"}
